## htsjdk.samtools.metrics.StringHeader
# picard.analysis.CollectInsertSizeMetrics HISTOGRAM_FILE=vplots/Cu-3h.inserts.hist_graph.pdf HISTOGRAM_WIDTH=1000 INPUT=/srv/scratch/shared/nandi/projects/training-camp-2016/run/Cu-3h/out/align/rep1/Cu-3h_S11_L001_R1_001.trim.PE2SE.nodup.bam OUTPUT=vplots/Cu-3h.inserts.hist_data.log STOP_AFTER=5000000 VERBOSITY=ERROR QUIET=true    DEVIATIONS=10.0 MINIMUM_PCT=0.05 METRIC_ACCUMULATION_LEVEL=[ALL_READS] INCLUDE_DUPLICATES=false ASSUME_SORTED=true VALIDATION_STRINGENCY=STRICT COMPRESSION_LEVEL=5 MAX_RECORDS_IN_RAM=500000 CREATE_INDEX=false CREATE_MD5_FILE=false GA4GH_CLIENT_SECRETS=client_secrets.json
## htsjdk.samtools.metrics.StringHeader
# Started on: Mon Aug 29 10:09:14 PDT 2016

## METRICS CLASS	picard.analysis.InsertSizeMetrics
MEDIAN_INSERT_SIZE	MEDIAN_ABSOLUTE_DEVIATION	MIN_INSERT_SIZE	MAX_INSERT_SIZE	MEAN_INSERT_SIZE	STANDARD_DEVIATION	READ_PAIRS	PAIR_ORIENTATION	WIDTH_OF_10_PERCENT	WIDTH_OF_20_PERCENT	WIDTH_OF_30_PERCENT	WIDTH_OF_40_PERCENT	WIDTH_OF_50_PERCENT	WIDTH_OF_60_PERCENT	WIDTH_OF_70_PERCENT	WIDTH_OF_80_PERCENT	WIDTH_OF_90_PERCENT	WIDTH_OF_99_PERCENT	SAMPLE	LIBRARY	READ_GROUP
119	66	22	1387	174.811842	150.852187	203838	FR	33	63	91	115	133	149	175	299	535	1185			

## HISTOGRAM	java.lang.Integer
insert_size	All_Reads.fr_count
22	1
25	1
26	26
27	46
28	74
29	229
30	379
31	100
32	51
33	73
34	129
35	228
36	471
37	647
38	869
39	1475
40	2787
41	2510
42	1560
43	1362
44	1666
45	1925
46	1959
47	1792
48	1752
49	1971
50	2572
51	2669
52	2022
53	1670
54	1705
55	1734
56	1750
57	1695
58	1584
59	1592
60	1733
61	1870
62	1725
63	1552
64	1445
65	1393
66	1415
67	1463
68	1371
69	1293
70	1335
71	1335
72	1350
73	1186
74	6
75	14
76	1249
77	1171
78	1139
79	1136
80	1080
81	1121
82	1165
83	1101
84	1081
85	1060
86	1009
87	1006
88	952
89	938
90	955
91	916
92	919
93	935
94	937
95	911
96	855
97	831
98	833
99	865
100	817
101	812
102	823
103	799
104	775
105	830
106	764
107	726
108	780
109	749
110	686
111	704
112	684
113	695
114	686
115	695
116	657
117	614
118	667
119	598
120	572
121	564
122	588
123	596
124	594
125	575
126	607
127	550
128	569
129	584
130	539
131	550
132	550
133	498
134	439
135	514
136	498
137	556
138	594
139	550
140	530
141	498
142	477
143	489
144	443
145	420
146	432
147	462
148	489
149	497
150	513
151	543
152	533
153	481
154	431
155	409
156	422
157	431
158	447
159	472
160	459
161	459
162	438
163	404
164	448
165	420
166	449
167	450
168	442
169	475
170	460
171	440
172	447
173	408
174	408
175	463
176	446
177	484
178	504
179	441
180	451
181	473
182	425
183	461
184	410
185	442
186	448
187	470
188	470
189	461
190	482
191	428
192	416
193	446
194	394
195	422
196	494
197	435
198	430
199	433
200	427
201	414
202	405
203	440
204	456
205	435
206	453
207	455
208	433
209	392
210	456
211	417
212	404
213	394
214	419
215	387
216	352
217	379
218	371
219	395
220	398
221	403
222	371
223	419
224	360
225	374
226	367
227	381
228	366
229	384
230	312
231	348
232	332
233	315
234	327
235	315
236	340
237	295
238	295
239	310
240	315
241	278
242	316
243	283
244	271
245	302
246	285
247	282
248	277
249	310
250	266
251	267
252	263
253	249
254	258
255	246
256	252
257	235
258	255
259	231
260	216
261	230
262	225
263	212
264	221
265	199
266	196
267	202
268	201
269	214
270	231
271	204
272	212
273	196
274	198
275	212
276	208
277	194
278	180
279	224
280	202
281	183
282	177
283	180
284	185
285	202
286	192
287	198
288	196
289	191
290	191
291	195
292	202
293	185
294	168
295	180
296	192
297	181
298	180
299	185
300	197
301	182
302	168
303	179
304	169
305	162
306	181
307	165
308	165
309	181
310	161
311	200
312	183
313	189
314	178
315	144
316	159
317	158
318	153
319	170
320	194
321	185
322	171
323	166
324	184
325	172
326	187
327	149
328	167
329	157
330	165
331	182
332	179
333	184
334	173
335	170
336	176
337	193
338	160
339	168
340	177
341	169
342	178
343	163
344	181
345	166
346	171
347	164
348	156
349	153
350	170
351	166
352	166
353	166
354	162
355	181
356	161
357	148
358	166
359	137
360	142
361	133
362	144
363	164
364	160
365	171
366	137
367	150
368	151
369	154
370	158
371	155
372	144
373	121
374	164
375	148
376	165
377	132
378	127
379	140
380	143
381	124
382	147
383	147
384	153
385	148
386	135
387	124
388	126
389	119
390	117
391	114
392	145
393	128
394	109
395	112
396	100
397	124
398	117
399	124
400	113
401	129
402	120
403	139
404	90
405	105
406	112
407	123
408	132
409	134
410	103
411	113
412	101
413	111
414	106
415	112
416	115
417	115
418	103
419	91
420	84
421	103
422	97
423	87
424	114
425	102
426	109
427	83
428	79
429	78
430	86
431	85
432	91
433	79
434	95
435	92
436	100
437	88
438	98
439	73
440	79
441	67
442	84
443	82
444	90
445	77
446	86
447	88
448	92
449	98
450	98
451	67
452	112
453	75
454	75
455	100
456	73
457	80
458	70
459	77
460	70
461	75
462	74
463	87
464	77
465	88
466	83
467	66
468	92
469	78
470	78
471	74
472	70
473	56
474	78
475	76
476	67
477	80
478	77
479	63
480	59
481	70
482	72
483	83
484	64
485	70
486	66
487	60
488	77
489	76
490	71
491	72
492	59
493	58
494	72
495	67
496	61
497	58
498	78
499	55
500	67
501	55
502	80
503	61
504	66
505	76
506	78
507	62
508	70
509	64
510	75
511	73
512	68
513	75
514	53
515	57
516	65
517	58
518	57
519	52
520	68
521	69
522	70
523	58
524	65
525	55
526	57
527	55
528	65
529	48
530	61
531	54
532	56
533	65
534	65
535	62
536	63
537	56
538	64
539	65
540	44
541	44
542	53
543	51
544	54
545	53
546	68
547	56
548	51
549	50
550	57
551	50
552	47
553	53
554	49
555	52
556	50
557	39
558	42
559	57
560	47
561	41
562	51
563	59
564	52
565	55
566	48
567	35
568	46
569	46
570	55
571	51
572	40
573	45
574	40
575	51
576	44
577	42
578	33
579	46
580	40
581	28
582	39
583	32
584	30
585	39
586	39
587	43
588	33
589	39
590	43
591	30
592	36
593	35
594	32
595	36
596	29
597	37
598	38
599	28
600	38
601	32
602	37
603	32
604	27
605	40
606	40
607	33
608	33
609	38
610	30
611	41
612	23
613	26
614	33
615	31
616	33
617	34
618	36
619	31
620	28
621	30
622	39
623	36
624	30
625	29
626	32
627	44
628	32
629	17
630	31
631	35
632	30
633	28
634	20
635	32
636	22
637	29
638	22
639	28
640	26
641	31
642	34
643	33
644	28
645	32
646	27
647	21
648	37
649	25
650	34
651	26
652	19
653	23
654	29
655	30
656	27
657	24
658	21
659	28
660	24
661	27
662	18
663	22
664	25
665	30
666	38
667	25
668	19
669	31
670	22
671	15
672	19
673	23
674	25
675	19
676	28
677	24
678	15
679	22
680	27
681	24
682	18
683	13
684	19
685	19
686	27
687	29
688	23
689	24
690	27
691	17
692	21
693	16
694	26
695	20
696	27
697	26
698	15
699	26
700	28
701	14
702	19
703	25
704	12
705	14
706	13
707	26
708	20
709	17
710	14
711	15
712	17
713	23
714	17
715	21
716	12
717	18
718	21
719	15
720	16
721	19
722	9
723	25
724	14
725	8
726	16
727	13
728	18
729	23
730	9
731	15
732	17
733	18
734	19
735	12
736	17
737	18
738	14
739	8
740	22
741	17
742	21
743	9
744	8
745	15
746	14
747	20
748	10
749	18
750	12
751	11
752	11
753	11
754	19
755	13
756	10
757	12
758	16
759	11
760	10
761	11
762	11
763	7
764	17
765	11
766	6
767	9
768	7
769	7
770	11
771	13
772	15
773	10
774	8
775	8
776	15
777	10
778	7
779	9
780	13
781	7
782	11
783	2
784	15
785	3
786	9
787	9
788	11
789	11
790	7
791	8
792	11
793	11
794	12
795	9
796	7
797	13
798	8
799	6
800	3
801	12
802	4
803	9
804	11
805	11
806	11
807	10
808	14
809	9
810	10
811	9
812	7
813	5
814	6
815	12
816	6
817	9
818	12
819	9
820	7
821	6
822	5
823	6
824	6
825	12
826	5
827	9
828	5
829	7
830	8
831	4
832	4
833	13
834	8
835	9
836	6
837	6
838	7
839	11
840	9
841	8
842	4
843	3
844	5
845	9
846	4
847	3
848	2
849	5
850	6
851	5
852	7
853	4
854	4
855	5
856	4
857	4
858	5
859	7
860	4
861	6
862	5
863	4
864	5
865	4
866	9
867	5
868	5
869	3
870	7
871	1
872	3
873	2
874	6
875	2
876	2
877	5
878	4
879	2
880	5
881	4
882	3
883	2
884	4
885	1
886	3
887	5
888	1
889	1
890	5
891	2
892	2
893	8
894	2
895	4
896	3
897	3
898	4
899	7
900	2
901	2
902	5
903	2
904	2
905	3
906	1
907	7
908	3
909	4
910	7
911	6
912	2
913	4
914	3
915	2
916	3
917	5
918	3
919	3
920	3
921	1
922	7
923	5
924	3
925	3
926	6
927	2
928	6
929	1
930	3
931	1
933	3
934	4
935	5
937	1
938	7
939	2
940	4
941	1
942	2
943	2
944	4
945	3
946	3
947	5
948	1
949	2
950	1
951	2
953	1
954	4
955	3
956	4
957	1
959	3
960	3
962	4
963	5
964	3
965	2
967	3
969	2
970	1
971	4
972	2
973	1
974	4
975	2
976	1
977	1
978	2
979	3
980	1
981	4
982	2
983	3
984	3
985	1
986	1
988	1
989	3
990	2
991	3
992	4
993	3
996	2
998	1
999	1

